{"C:\\Users\\darkm\\Desktop\\cefim\\taverneCeleste\\taverne-celeste\\src\\taverne_celeste.js": {"path":"C:\\Users\\darkm\\Desktop\\cefim\\taverneCeleste\\taverne-celeste\\src\\taverne_celeste.js","all":false,"statementMap":{"0":{"start":{"line":1,"column":0},"end":{"line":1,"column":19}},"1":{"start":{"line":2,"column":0},"end":{"line":2,"column":42}},"2":{"start":{"line":3,"column":0},"end":{"line":3,"column":21}},"3":{"start":{"line":4,"column":0},"end":{"line":4,"column":33}},"4":{"start":{"line":5,"column":0},"end":{"line":5,"column":27}},"5":{"start":{"line":6,"column":0},"end":{"line":6,"column":3}},"6":{"start":{"line":7,"column":0},"end":{"line":7,"column":1}},"7":{"start":{"line":8,"column":0},"end":{"line":8,"column":0}},"8":{"start":{"line":9,"column":0},"end":{"line":9,"column":21}},"9":{"start":{"line":10,"column":0},"end":{"line":10,"column":0}},"10":{"start":{"line":11,"column":0},"end":{"line":11,"column":27}},"11":{"start":{"line":12,"column":0},"end":{"line":12,"column":23}},"12":{"start":{"line":13,"column":0},"end":{"line":13,"column":3}},"13":{"start":{"line":14,"column":0},"end":{"line":14,"column":0}},"14":{"start":{"line":15,"column":0},"end":{"line":15,"column":16}},"15":{"start":{"line":16,"column":0},"end":{"line":16,"column":32}},"16":{"start":{"line":17,"column":0},"end":{"line":17,"column":63}},"17":{"start":{"line":18,"column":0},"end":{"line":18,"column":15}},"18":{"start":{"line":19,"column":0},"end":{"line":19,"column":7}},"19":{"start":{"line":20,"column":0},"end":{"line":20,"column":0}},"20":{"start":{"line":21,"column":0},"end":{"line":21,"column":51}},"21":{"start":{"line":22,"column":0},"end":{"line":22,"column":46}},"22":{"start":{"line":23,"column":0},"end":{"line":23,"column":69}},"23":{"start":{"line":24,"column":0},"end":{"line":24,"column":54}},"24":{"start":{"line":25,"column":0},"end":{"line":25,"column":101}},"25":{"start":{"line":26,"column":0},"end":{"line":26,"column":38}},"26":{"start":{"line":27,"column":0},"end":{"line":27,"column":13}},"27":{"start":{"line":28,"column":0},"end":{"line":28,"column":36}},"28":{"start":{"line":29,"column":0},"end":{"line":29,"column":7}},"29":{"start":{"line":30,"column":0},"end":{"line":30,"column":0}},"30":{"start":{"line":31,"column":0},"end":{"line":31,"column":24}},"31":{"start":{"line":32,"column":0},"end":{"line":32,"column":7}},"32":{"start":{"line":33,"column":0},"end":{"line":33,"column":0}},"33":{"start":{"line":34,"column":0},"end":{"line":34,"column":22}},"34":{"start":{"line":35,"column":0},"end":{"line":35,"column":3}},"35":{"start":{"line":36,"column":0},"end":{"line":36,"column":0}},"36":{"start":{"line":37,"column":0},"end":{"line":37,"column":26}},"37":{"start":{"line":38,"column":0},"end":{"line":38,"column":19}},"38":{"start":{"line":39,"column":0},"end":{"line":39,"column":31}},"39":{"start":{"line":40,"column":0},"end":{"line":40,"column":21}},"40":{"start":{"line":41,"column":0},"end":{"line":41,"column":5}},"41":{"start":{"line":42,"column":0},"end":{"line":42,"column":41}},"42":{"start":{"line":43,"column":0},"end":{"line":43,"column":3}},"43":{"start":{"line":44,"column":0},"end":{"line":44,"column":0}},"44":{"start":{"line":45,"column":0},"end":{"line":45,"column":36}},"45":{"start":{"line":46,"column":0},"end":{"line":46,"column":19}},"46":{"start":{"line":47,"column":0},"end":{"line":47,"column":0}},"47":{"start":{"line":48,"column":0},"end":{"line":48,"column":41}},"48":{"start":{"line":49,"column":0},"end":{"line":49,"column":3}},"49":{"start":{"line":50,"column":0},"end":{"line":50,"column":0}},"50":{"start":{"line":51,"column":0},"end":{"line":51,"column":44}},"51":{"start":{"line":52,"column":0},"end":{"line":52,"column":31}},"52":{"start":{"line":53,"column":0},"end":{"line":53,"column":23}},"53":{"start":{"line":54,"column":0},"end":{"line":54,"column":37}},"54":{"start":{"line":55,"column":0},"end":{"line":55,"column":24}},"55":{"start":{"line":56,"column":0},"end":{"line":56,"column":38}},"56":{"start":{"line":57,"column":0},"end":{"line":57,"column":24}},"57":{"start":{"line":58,"column":0},"end":{"line":58,"column":12}},"58":{"start":{"line":59,"column":0},"end":{"line":59,"column":21}},"59":{"start":{"line":60,"column":0},"end":{"line":60,"column":5}},"60":{"start":{"line":61,"column":0},"end":{"line":61,"column":41}},"61":{"start":{"line":62,"column":0},"end":{"line":62,"column":3}},"62":{"start":{"line":63,"column":0},"end":{"line":63,"column":0}},"63":{"start":{"line":64,"column":0},"end":{"line":64,"column":35}},"64":{"start":{"line":65,"column":0},"end":{"line":65,"column":27}},"65":{"start":{"line":66,"column":0},"end":{"line":66,"column":23}},"66":{"start":{"line":67,"column":0},"end":{"line":67,"column":35}},"67":{"start":{"line":68,"column":0},"end":{"line":68,"column":24}},"68":{"start":{"line":69,"column":0},"end":{"line":69,"column":5}},"69":{"start":{"line":70,"column":0},"end":{"line":70,"column":3}},"70":{"start":{"line":71,"column":0},"end":{"line":71,"column":28}},"71":{"start":{"line":72,"column":0},"end":{"line":72,"column":22}},"72":{"start":{"line":73,"column":0},"end":{"line":73,"column":31}},"73":{"start":{"line":74,"column":0},"end":{"line":74,"column":24}},"74":{"start":{"line":75,"column":0},"end":{"line":75,"column":5}},"75":{"start":{"line":76,"column":0},"end":{"line":76,"column":41}},"76":{"start":{"line":77,"column":0},"end":{"line":77,"column":3}},"77":{"start":{"line":78,"column":0},"end":{"line":78,"column":1}}},"s":{"0":1,"1":1,"2":15,"3":15,"4":15,"5":15,"6":1,"7":1,"8":1,"9":1,"10":1,"11":15,"12":15,"13":1,"14":1,"15":15,"16":15,"17":1,"18":1,"19":14,"20":15,"21":3,"22":15,"23":4,"24":11,"25":2,"26":7,"27":5,"28":5,"29":14,"30":14,"31":15,"32":15,"33":15,"34":15,"35":1,"36":1,"37":5,"38":5,"39":2,"40":2,"41":5,"42":5,"43":1,"44":1,"45":3,"46":3,"47":3,"48":3,"49":1,"50":1,"51":4,"52":1,"53":4,"54":1,"55":3,"56":1,"57":1,"58":1,"59":1,"60":4,"61":4,"62":1,"63":1,"64":14,"65":3,"66":14,"67":2,"68":2,"69":14,"70":1,"71":2,"72":2,"73":1,"74":1,"75":2,"76":2,"77":1},"branchMap":{"0":{"type":"branch","line":1,"loc":{"start":{"line":1,"column":7},"end":{"line":78,"column":1}},"locations":[{"start":{"line":1,"column":7},"end":{"line":78,"column":1}}]},"1":{"type":"branch","line":1,"loc":{"start":{"line":1,"column":7},"end":{"line":78,"column":1}},"locations":[{"start":{"line":1,"column":7},"end":{"line":78,"column":1}}]},"2":{"type":"branch","line":2,"loc":{"start":{"line":2,"column":2},"end":{"line":6,"column":3}},"locations":[{"start":{"line":2,"column":2},"end":{"line":6,"column":3}}]},"3":{"type":"branch","line":11,"loc":{"start":{"line":11,"column":2},"end":{"line":13,"column":3}},"locations":[{"start":{"line":11,"column":2},"end":{"line":13,"column":3}}]},"4":{"type":"branch","line":15,"loc":{"start":{"line":15,"column":2},"end":{"line":35,"column":3}},"locations":[{"start":{"line":15,"column":2},"end":{"line":35,"column":3}}]},"5":{"type":"branch","line":16,"loc":{"start":{"line":16,"column":23},"end":{"line":32,"column":5}},"locations":[{"start":{"line":16,"column":23},"end":{"line":32,"column":5}}]},"6":{"type":"branch","line":17,"loc":{"start":{"line":17,"column":62},"end":{"line":19,"column":7}},"locations":[{"start":{"line":17,"column":62},"end":{"line":19,"column":7}}]},"7":{"type":"branch","line":20,"loc":{"start":{"line":20,"column":-2},"end":{"line":21,"column":50}},"locations":[{"start":{"line":20,"column":-2},"end":{"line":21,"column":50}}]},"8":{"type":"branch","line":21,"loc":{"start":{"line":21,"column":50},"end":{"line":23,"column":7}},"locations":[{"start":{"line":21,"column":50},"end":{"line":23,"column":7}}]},"9":{"type":"branch","line":23,"loc":{"start":{"line":23,"column":7},"end":{"line":29,"column":7}},"locations":[{"start":{"line":23,"column":7},"end":{"line":29,"column":7}}]},"10":{"type":"branch","line":23,"loc":{"start":{"line":23,"column":68},"end":{"line":25,"column":7}},"locations":[{"start":{"line":23,"column":68},"end":{"line":25,"column":7}}]},"11":{"type":"branch","line":25,"loc":{"start":{"line":25,"column":7},"end":{"line":29,"column":7}},"locations":[{"start":{"line":25,"column":7},"end":{"line":29,"column":7}}]},"12":{"type":"branch","line":25,"loc":{"start":{"line":25,"column":51},"end":{"line":27,"column":7}},"locations":[{"start":{"line":25,"column":51},"end":{"line":27,"column":7}}]},"13":{"type":"branch","line":27,"loc":{"start":{"line":27,"column":7},"end":{"line":29,"column":7}},"locations":[{"start":{"line":27,"column":7},"end":{"line":29,"column":7}}]},"14":{"type":"branch","line":30,"loc":{"start":{"line":30,"column":-2},"end":{"line":32,"column":4}},"locations":[{"start":{"line":30,"column":-2},"end":{"line":32,"column":4}}]},"15":{"type":"branch","line":37,"loc":{"start":{"line":37,"column":2},"end":{"line":43,"column":3}},"locations":[{"start":{"line":37,"column":2},"end":{"line":43,"column":3}}]},"16":{"type":"branch","line":39,"loc":{"start":{"line":39,"column":30},"end":{"line":41,"column":5}},"locations":[{"start":{"line":39,"column":30},"end":{"line":41,"column":5}}]},"17":{"type":"branch","line":45,"loc":{"start":{"line":45,"column":2},"end":{"line":49,"column":3}},"locations":[{"start":{"line":45,"column":2},"end":{"line":49,"column":3}}]},"18":{"type":"branch","line":51,"loc":{"start":{"line":51,"column":2},"end":{"line":62,"column":3}},"locations":[{"start":{"line":51,"column":2},"end":{"line":62,"column":3}}]},"19":{"type":"branch","line":52,"loc":{"start":{"line":52,"column":30},"end":{"line":54,"column":5}},"locations":[{"start":{"line":52,"column":30},"end":{"line":54,"column":5}}]},"20":{"type":"branch","line":54,"loc":{"start":{"line":54,"column":5},"end":{"line":60,"column":5}},"locations":[{"start":{"line":54,"column":5},"end":{"line":60,"column":5}}]},"21":{"type":"branch","line":54,"loc":{"start":{"line":54,"column":36},"end":{"line":56,"column":5}},"locations":[{"start":{"line":54,"column":36},"end":{"line":56,"column":5}}]},"22":{"type":"branch","line":56,"loc":{"start":{"line":56,"column":5},"end":{"line":60,"column":5}},"locations":[{"start":{"line":56,"column":5},"end":{"line":60,"column":5}}]},"23":{"type":"branch","line":56,"loc":{"start":{"line":56,"column":37},"end":{"line":60,"column":5}},"locations":[{"start":{"line":56,"column":37},"end":{"line":60,"column":5}}]},"24":{"type":"branch","line":64,"loc":{"start":{"line":64,"column":2},"end":{"line":70,"column":3}},"locations":[{"start":{"line":64,"column":2},"end":{"line":70,"column":3}}]},"25":{"type":"branch","line":65,"loc":{"start":{"line":65,"column":26},"end":{"line":67,"column":5}},"locations":[{"start":{"line":65,"column":26},"end":{"line":67,"column":5}}]},"26":{"type":"branch","line":67,"loc":{"start":{"line":67,"column":5},"end":{"line":69,"column":5}},"locations":[{"start":{"line":67,"column":5},"end":{"line":69,"column":5}}]},"27":{"type":"branch","line":67,"loc":{"start":{"line":67,"column":34},"end":{"line":69,"column":5}},"locations":[{"start":{"line":67,"column":34},"end":{"line":69,"column":5}}]},"28":{"type":"branch","line":71,"loc":{"start":{"line":71,"column":2},"end":{"line":77,"column":3}},"locations":[{"start":{"line":71,"column":2},"end":{"line":77,"column":3}}]},"29":{"type":"branch","line":73,"loc":{"start":{"line":73,"column":30},"end":{"line":75,"column":5}},"locations":[{"start":{"line":73,"column":30},"end":{"line":75,"column":5}}]}},"b":{"0":[1],"1":[1],"2":[15],"3":[15],"4":[15],"5":[15],"6":[1],"7":[14],"8":[3],"9":[11],"10":[4],"11":[7],"12":[2],"13":[5],"14":[14],"15":[5],"16":[2],"17":[3],"18":[4],"19":[1],"20":[3],"21":[1],"22":[2],"23":[1],"24":[14],"25":[3],"26":[11],"27":[2],"28":[2],"29":[1]},"fnMap":{"0":{"name":"Item","decl":{"start":{"line":2,"column":2},"end":{"line":6,"column":3}},"loc":{"start":{"line":2,"column":2},"end":{"line":6,"column":3}},"line":2},"1":{"name":"Tavern","decl":{"start":{"line":11,"column":2},"end":{"line":13,"column":3}},"loc":{"start":{"line":11,"column":2},"end":{"line":13,"column":3}},"line":11},"2":{"name":"modifyItem","decl":{"start":{"line":15,"column":2},"end":{"line":35,"column":3}},"loc":{"start":{"line":15,"column":2},"end":{"line":35,"column":3}},"line":15},"3":{"name":"updateNormalItem","decl":{"start":{"line":37,"column":2},"end":{"line":43,"column":3}},"loc":{"start":{"line":37,"column":2},"end":{"line":43,"column":3}},"line":37},"4":{"name":"updateDarnassianBlueCheese","decl":{"start":{"line":45,"column":2},"end":{"line":49,"column":3}},"loc":{"start":{"line":45,"column":2},"end":{"line":49,"column":3}},"line":45},"5":{"name":"updateInvitationsToMysticalConcert","decl":{"start":{"line":51,"column":2},"end":{"line":62,"column":3}},"loc":{"start":{"line":51,"column":2},"end":{"line":62,"column":3}},"line":51},"6":{"name":"ensureQualityWithinBounds","decl":{"start":{"line":64,"column":2},"end":{"line":70,"column":3}},"loc":{"start":{"line":64,"column":2},"end":{"line":70,"column":3}},"line":64},"7":{"name":"updateAccursedItem","decl":{"start":{"line":71,"column":2},"end":{"line":77,"column":3}},"loc":{"start":{"line":71,"column":2},"end":{"line":77,"column":3}},"line":71}},"f":{"0":15,"1":15,"2":15,"3":5,"4":3,"5":4,"6":14,"7":2}}
}
